make all --print-data-base --no-builtin-variables --no-builtin-rules --question
# GNU Make 4.3
# Built for x86_64-pc-linux-gnu
# Copyright (C) 1988-2020 Free Software Foundation, Inc.
# License GPLv3+: GNU GPL version 3 or later <http://gnu.org/licenses/gpl.html>
# This is free software: you are free to change and redistribute it.
# There is NO WARRANTY, to the extent permitted by law.

# Make data base, printed on Tue Jul 12 14:50:32 2022

# Variables

# makefile (from 'Makefile', line 69)
SGX_COMMON_FLAGS := -m64 -O0 -g -Wall -Wextra -Winit-self -Wpointer-arith -Wreturn-type -Waddress -Wsequence-point -Wformat-security -Wmissing-include-dirs -Wfloat-equal -Wundef -Wshadow -Wcast-align -Wcast-qual -Wconversion -Wredundant-decls
# environment
GDK_BACKEND = x11
# environment
LC_ALL = C
# environment
GNOME_SHELL_SESSION_MODE = ubuntu
# environment
SSH_AGENT_LAUNCHER = gnome-keyring
# makefile (from 'Makefile', line 37)
SGX_DEBUG = 1
# makefile (from 'Makefile', line 133)
Enclave_C_Flags := -nostdinc -fvisibility=hidden -fpie -fstack-protector -IEnclave -I/opt/intel/sgxsdk/include -I/opt/intel/sgxsdk/include/tlibc -I/opt/intel/sgxsdk/include/libcxx -m64 -O0 -g -Wall -Wextra -Winit-self -Wpointer-arith -Wreturn-type -Waddress -Wsequence-point -Wformat-security -Wmissing-include-dirs -Wfloat-equal -Wundef -Wshadow -Wcast-align -Wcast-qual -Wconversion -Wredundant-decls -Wjump-misses-init -Wstrict-prototypes -Wunsuffixed-float-constants
# environment
SNAP_INSTANCE_KEY = 
# makefile (from 'Makefile', line 129)
Enclave_Include_Paths := -IEnclave -I/opt/intel/sgxsdk/include -I/opt/intel/sgxsdk/include/tlibc -I/opt/intel/sgxsdk/include/libcxx
# environment
GJS_DEBUG_OUTPUT = stderr
# makefile (from 'Makefile', line 35)
SGX_MODE = HW
# environment
VSCODE_IPC_HOOK_EXTHOST = /run/user/1000/vscode-ipc-6158d434-128d-46e2-8832-7286683d9ada.sock
# environment
LC_NAME = en_US.UTF-8
# environment
LC_NUMERIC = en_US.UTF-8
# environment
VSCODE_CWD = /home/pailhe
# makefile (from 'Makefile', line 34)
SGX_SDK = /opt/intel/sgxsdk
# makefile (from 'Makefile', line 85)
App_Include_Paths := -IApp -I/opt/intel/sgxsdk/include
# makefile (from 'Makefile', line 136)
Enclave_Security_Link_Flags := -Wl,-z,relro,-z,now,-z,noexecstack
# environment
LC_ADDRESS = en_US.UTF-8
# environment
LIBVIRT_DEFAULT_URI = qemu:///system
# default
MAKE_COMMAND := make
# environment
QT_ACCESSIBILITY = 1
# automatic
@D = $(patsubst %/,%,$(dir $@))
# makefile (from 'Makefile', line 164)
Signed_Enclave_Name := enclave.signed.so
# environment
SNAP_INSTANCE_NAME = code
# environment
GDK_PIXBUF_MODULEDIR = /snap/code/99/usr/lib/x86_64-linux-gnu/gdk-pixbuf-2.0/2.10.0/loaders
# environment
VSCODE_HANDLES_UNCAUGHT_ERRORS = true
# default
.VARIABLES := 
# environment
PWD = /home/pailhe/linux-sgx/linux/installer/bin/sgxsdk/SGX-Research/3-aaaa
# automatic
%D = $(patsubst %/,%,$(dir $%))
# environment
XDG_DATA_DIRS = /usr/share/ubuntu:/usr/local/share/:/usr/share/:/var/lib/snapd/desktop
# makefile (from 'Makefile', line 126)
Crypto_Library_Name := sgx_tcrypto
# automatic
^D = $(patsubst %/,%,$(dir $^))
# environment
VSCODE_LOG_STACK = false
# automatic
%F = $(notdir $%)
# environment
VSCODE_CODE_CACHE_PATH = /home/pailhe/.config/Code/CachedData/30d9c6cd9483b2cc586687151bcbcd635f373630
# environment
LANG = C
# environment
XAUTHORITY = /run/user/1000/.mutter-Xwaylandauth.CGJGO1
# default
.LOADED := 
# default
.INCLUDE_DIRS = /usr/local/include /usr/include /usr/include
# makefile
MAKEFLAGS = pqrR
# makefile
CURDIR := /home/pailhe/linux-sgx/linux/installer/bin/sgxsdk/SGX-Research/3-aaaa
# environment
VSCODE_PIPE_LOGGING = true
# environment
APPLICATION_INSIGHTS_NO_DIAGNOSTIC_CHANNEL = 1
# environment
LESSOPEN = | /usr/bin/lesspipe %s
# automatic
*D = $(patsubst %/,%,$(dir $*))
# environment
MFLAGS = -pqrR
# environment
SSH_AUTH_SOCK = /run/user/1000/keyring/ssh
# default
.SHELLFLAGS := -c
# makefile (from 'Makefile', line 123)
Trts_Library_Name := sgx_trts
# environment
WAYLAND_DISPLAY = wayland-0
# environment
XDG_CONFIG_DIRS = /etc/xdg/xdg-ubuntu:/etc/xdg
# automatic
+D = $(patsubst %/,%,$(dir $+))
# environment
XDG_SESSION_DESKTOP = ubuntu
# makefile (from 'Makefile', line 1)
MAKEFILE_LIST := Makefile
# environment
SNAP_REEXEC = 
# automatic
@F = $(notdir $@)
# environment
VSCODE_VERBOSE_LOGGING = true
# makefile (from 'Makefile', line 165)
Enclave_Config_File := Enclave/Enclave.config.xml
# environment
VSCODE_PID = 493998
# environment
XDG_SESSION_TYPE = wayland
# automatic
?D = $(patsubst %/,%,$(dir $?))
# makefile (from 'Makefile', line 74)
SGX_COMMON_CXXFLAGS := -m64 -O0 -g -Wall -Wextra -Winit-self -Wpointer-arith -Wreturn-type -Waddress -Wsequence-point -Wformat-security -Wmissing-include-dirs -Wfloat-equal -Wundef -Wshadow -Wcast-align -Wcast-qual -Wconversion -Wredundant-decls -Wnon-virtual-dtor -std=c++11
# environment
BAMF_DESKTOP_FILE_HINT = /var/lib/snapd/desktop/applications/code_code.desktop
# environment
SESSION_MANAGER = local/pailhe-H470-HD3:@/tmp/.ICE-unix/2256,unix/pailhe-H470-HD3:/tmp/.ICE-unix/2256
# automatic
*F = $(notdir $*)
# makefile (from 'Makefile', line 163)
Enclave_Name := enclave.so
# environment
CHROME_DESKTOP = code-url-handler.desktop
# environment
DBUS_SESSION_BUS_ADDRESS = unix:path=/run/user/1000/bus
# automatic
<D = $(patsubst %/,%,$(dir $<))
# environment
VSCODE_NLS_CONFIG = {"locale":"en-us","availableLanguages":{},"_languagePackSupport":true}
# default
MAKE_HOST := x86_64-pc-linux-gnu
# environment
GNOME_DESKTOP_SESSION_ID = this-is-deprecated
# makefile
SHELL = /bin/sh
# default
MAKECMDGOALS := all
# environment
XMODIFIERS = @im=ibus
# environment
GJS_DEBUG_TOPICS = JS ERROR;JS LOG
# environment
SHLVL = 0
# makefile (from 'Makefile', line 132)
Enclave_Cpp_Flags := -nostdinc -fvisibility=hidden -fpie -fstack-protector -IEnclave -I/opt/intel/sgxsdk/include -I/opt/intel/sgxsdk/include/tlibc -I/opt/intel/sgxsdk/include/libcxx -m64 -O0 -g -Wall -Wextra -Winit-self -Wpointer-arith -Wreturn-type -Waddress -Wsequence-point -Wformat-security -Wmissing-include-dirs -Wfloat-equal -Wundef -Wshadow -Wcast-align -Wcast-qual -Wconversion -Wredundant-decls -Wnon-virtual-dtor -std=c++11 -nostdinc++
# environment
MAKELEVEL := 0
# environment
IM_CONFIG_CHECK_ENV = 1
# default
MAKE = $(MAKE_COMMAND)
# environment
SNAP_COOKIE = m6xmgHrbjx9MFM4WfiXSoelzW06tMdOdzeTIeOEq2HzCtABpOito
# environment
PATH = /usr/local/sbin:/usr/local/bin:/usr/sbin:/usr/bin:/sbin:/bin:/usr/games:/usr/local/games:/snap/bin:/snap/bin
# default
MAKEFILES := 
# makefile (from 'Makefile', line 115)
App_Name := app
# environment
LC_MONETARY = en_US.UTF-8
# automatic
^F = $(notdir $^)
# makefile (from 'Makefile', line 124)
Service_Library_Name := sgx_tservice
# environment
SNAP_USER_COMMON = /home/pailhe/snap/code/common
# environment
LC_TIME = en_US.UTF-8
# environment
SNAP = /snap/code/99
# makefile (from 'Makefile', line 52)
SGX_LIBRARY_PATH := /opt/intel/sgxsdk/lib64
# environment
INVOCATION_ID = 20cef0f8d7554514848bd906c63b2521
# makefile (from 'Makefile', line 81)
Urts_Library_Name := sgx_urts
# environment
SNAP_REVISION = 99
# environment
SNAP_REAL_HOME = /home/pailhe
# makefile (from 'Makefile', line 128)
Enclave_Cpp_Files := Enclave/Enclave.cpp
# environment
VSCODE_LOG_NATIVE = false
# environment
USERNAME = pailhe
# environment
GNOME_SETUP_DISPLAY = :1
# environment
LC_TELEPHONE = en_US.UTF-8
# environment
LESSCLOSE = /usr/bin/lesspipe %s %s
# automatic
?F = $(notdir $?)
# makefile (from 'Makefile', line 110)
App_Link_Flags := -L/opt/intel/sgxsdk/lib64 -Wl,--whole-archive  -lsgx_uswitchless -Wl,--no-whole-archive -lsgx_urts -lpthread -lsgx_uae_service
# makefile (from 'Makefile', line 84)
App_Cpp_Files := App/App.cpp
# makefile (from 'Makefile', line 101)
App_Cpp_Flags := -fPIC -Wno-attributes -IApp -I/opt/intel/sgxsdk/include -DDEBUG -UNDEBUG -UEDEBUG -m64 -O0 -g -Wall -Wextra -Winit-self -Wpointer-arith -Wreturn-type -Waddress -Wsequence-point -Wformat-security -Wmissing-include-dirs -Wfloat-equal -Wundef -Wshadow -Wcast-align -Wcast-qual -Wconversion -Wredundant-decls -Wnon-virtual-dtor -std=c++11
# environment
XDG_CURRENT_DESKTOP = Unity
# environment
LS_COLORS = 
# automatic
+F = $(notdir $+)
# environment
DESKTOP_SESSION = ubuntu
# environment
ORIGINAL_XDG_CURRENT_DESKTOP = ubuntu:GNOME
# 'override' directive
GNUMAKEFLAGS := 
# environment
LOGNAME = pailhe
# environment
GIO_LAUNCHED_DESKTOP_FILE = /var/lib/snapd/desktop/applications/code_code.desktop
# environment
SNAP_ARCH = amd64
# makefile (from 'Makefile', line 73)
SGX_COMMON_CFLAGS := -m64 -O0 -g -Wall -Wextra -Winit-self -Wpointer-arith -Wreturn-type -Waddress -Wsequence-point -Wformat-security -Wmissing-include-dirs -Wfloat-equal -Wundef -Wshadow -Wcast-align -Wcast-qual -Wconversion -Wredundant-decls -Wjump-misses-init -Wstrict-prototypes -Wunsuffixed-float-constants
# makefile
.DEFAULT_GOAL := all
# environment
SYSTEMD_EXEC_PID = 2278
# environment
DISPLAY = :0
# environment
USER = pailhe
# environment
GTK_MODULES = gail:atk-bridge
# default
MAKE_VERSION := 4.3
# 'override' directive
.SHELLSTATUS := 0
# environment
DISABLE_WAYLAND = 1
# environment
SNAP_DATA = /var/snap/code/99
# environment
SNAP_CONTEXT = m6xmgHrbjx9MFM4WfiXSoelzW06tMdOdzeTIeOEq2HzCtABpOito
# environment
MANAGERPID = 2103
# environment
LC_MEASUREMENT = en_US.UTF-8
# environment
GIO_LAUNCHED_DESKTOP_FILE_PID = 493953
# environment
_ = /snap/code/99/usr/share/code/code
# environment
LC_PAPER = en_US.UTF-8
# environment
XDG_RUNTIME_DIR = /run/user/1000
# makefile (from 'Makefile', line 36)
SGX_ARCH = x64
# environment
GDK_PIXBUF_MODULE_FILE = /home/pailhe/snap/code/common/.cache/gdk-pixbuf-loaders.cache
# environment
JOURNAL_STREAM = 8:36279
# environment
XDG_SESSION_CLASS = user
# environment
VSCODE_AMD_ENTRYPOINT = vs/workbench/api/node/extensionHostProcess
# makefile (from 'Makefile', line 161)
Enclave_Cpp_Objects := Enclave/Enclave.o
# environment
HOME = /home/pailhe
# environment
QT_IM_MODULE = ibus
# environment
ELECTRON_RUN_AS_NODE = 1
# environment
VSCODE_IPC_HOOK = /run/user/1000/vscode-2e1814fc-1.68.1-main.sock
 
make: *** No rule to make target '/opt/intel/sgxsdk/bin/x64/sgx_edger8r', needed by 'App/Enclave_u.h'.  Stop.

# environment
SNAP_NAME = code
# environment
GSETTINGS_SCHEMA_DIR = /snap/code/99/usr/share/glib-2.0/schemas
# makefile (from 'Makefile', line 152)
Enclave_Link_Flags := -Wl,-z,relro,-z,now,-z,noexecstack -Wl,--no-undefined -nostdlib -nodefaultlibs -nostartfiles -L/opt/intel/sgxsdk/lib64 -Wl,--whole-archive  -lsgx_tswitchless -lsgx_trts -Wl,--no-whole-archive -Wl,--start-group -lsgx_tstdc -lsgx_tcxx -lsgx_tcrypto -lsgx_tservice -Wl,--end-group -Wl,-Bstatic -Wl,-Bsymbolic -Wl,--no-undefined -Wl,-pie,-eenclave_entry -Wl,--export-dynamic -Wl,--defsym,__ImageBase=0 -Wl,--version-script=Enclave/Enclave.lds
# environment
IM_CONFIG_PHASE = 1
# environment
PAPERSIZE = letter
# makefile (from 'Makefile', line 53)
SGX_ENCLAVE_SIGNER := /opt/intel/sgxsdk/bin/x64/sgx_sign
# default
.RECIPEPREFIX := 
# automatic
<F = $(notdir $<)
# environment
SNAP_VERSION = 30d9c6cd
# default
SUFFIXES := 
# environment
VSCODE_CLI = 1
# environment
ELECTRON_NO_ATTACH_CONSOLE = 1
# environment
SNAP_COMMON = /var/snap/code/common
# default
.FEATURES := target-specific order-only second-expansion else-if shortest-stem undefine oneshell nocomment grouped-target extra-prereqs archives jobserver output-sync check-symlink load
# makefile (from 'Makefile', line 113)
App_Cpp_Objects := App/App.o
# environment
SNAP_USER_DATA = /home/pailhe/snap/code/99
# environment
XDG_MENU_PREFIX = gnome-
# makefile (from 'Makefile', line 102)
App_C_Flags := -fPIC -Wno-attributes -IApp -I/opt/intel/sgxsdk/include -DDEBUG -UNDEBUG -UEDEBUG -m64 -O0 -g -Wall -Wextra -Winit-self -Wpointer-arith -Wreturn-type -Waddress -Wsequence-point -Wformat-security -Wmissing-include-dirs -Wfloat-equal -Wundef -Wshadow -Wcast-align -Wcast-qual -Wconversion -Wredundant-decls -Wjump-misses-init -Wstrict-prototypes -Wunsuffixed-float-constants
# makefile (from 'Makefile', line 54)
SGX_EDGER8R := /opt/intel/sgxsdk/bin/x64/sgx_edger8r
# environment
GDMSESSION = ubuntu
# environment
LC_IDENTIFICATION = en_US.UTF-8
# environment
SNAP_LIBRARY_PATH = /var/lib/snapd/lib/gl:/var/lib/snapd/lib/gl32:/var/lib/snapd/void
# variable set hash-table stats:
# Load=165/1024=16%, Rehash=0, Collisions=18/263=7%

# Pattern-specific Variable Values

# No pattern-specific variable values.

# Directories

# App (device 2051, inode 28837179): No files, no impossibilities so far.
# . (device 2051, inode 28837175): 8 files, no impossibilities.
# Enclave (device 2051, inode 28837187): No files, no impossibilities so far.

# 8 files, no impossibilities in 3 directories.

# Implicit Rules

App/%.o: App/%.cpp App/Enclave_u.h
#  recipe to execute (from 'Makefile', line 209):
	@$(CXX) $(App_Cpp_Flags) -c $< -o $@
	@echo "CXX  <=  $<"

Enclave/%.o: Enclave/%.cpp Enclave/Enclave_t.h
#  recipe to execute (from 'Makefile', line 230):
	@$(CXX) $(Enclave_Cpp_Flags) -c $< -o $@
	@echo "CXX  <=  $<"

# 2 implicit rules, 0 (0.0%) terminal.
# Files

Enclave/Enclave_t.h: /opt/intel/sgxsdk/bin/x64/sgx_edger8r Enclave/Enclave.edl
#  Implicit rule search has not been done.
#  Modification time never checked.
#  File has not been updated.
#  recipe to execute (from 'Makefile', line 220):
	@cd Enclave && $(SGX_EDGER8R) --trusted ../Enclave/Enclave.edl --search-path ../Enclave --search-path $(SGX_SDK)/include
	@echo "GEN  =>  $@"

Enclave/Enclave_t.c: Enclave/Enclave_t.h
#  Implicit rule search has not been done.
#  Modification time never checked.
#  File has not been updated.

app: App/Enclave_u.o App/App.o
#  Implicit rule search has not been done.
#  File does not exist.
#  File has not been updated.
#  recipe to execute (from 'Makefile', line 213):
	@$(CXX) $^ -o $@ $(App_Link_Flags)
	@echo "LINK =>  $@"

enclave.signed.so: enclave.so
#  Implicit rule search has not been done.
#  Modification time never checked.
#  File has not been updated.
#  recipe to execute (from 'Makefile', line 238):
	@$(SGX_ENCLAVE_SIGNER) sign -key Enclave/Enclave_private_test.pem -enclave $(Enclave_Name) -out $@ -config $(Enclave_Config_File)
	@echo "SIGN =>  $@"

# Not a target:
Makefile:
#  Implicit rule search has been done.
#  Last modified 2022-07-05 15:05:55
#  File has been updated.
#  Successfully updated.

clean:
#  Phony target (prerequisite of .PHONY).
#  Implicit rule search has not been done.
#  File does not exist.
#  File has not been updated.
#  recipe to execute (from 'Makefile', line 243):
	@rm -f $(App_Name) $(Enclave_Name) $(Signed_Enclave_Name) $(App_Cpp_Objects) App/Enclave_u.* $(Enclave_Cpp_Objects) Enclave/Enclave_t.*

App/Enclave_u.h: /opt/intel/sgxsdk/bin/x64/sgx_edger8r Enclave/Enclave.edl
#  Implicit rule search has not been done.
#  File does not exist.
#  File has not been updated.
#  recipe to execute (from 'Makefile', line 199):
	@cd App && $(SGX_EDGER8R) --untrusted ../Enclave/Enclave.edl --search-path ../Enclave --search-path $(SGX_SDK)/include
	@echo "GEN  =>  $@"

# Not a target:
/opt/intel/sgxsdk/bin/x64/sgx_edger8r:
#  Implicit rule search has been done.
#  File does not exist.
#  File has not been updated.

App/Enclave_u.c: App/Enclave_u.h
#  Implicit rule search has been done.
#  File does not exist.
#  File has not been updated.

# Not a target:
.DEFAULT:
#  Implicit rule search has not been done.
#  Modification time never checked.
#  File has not been updated.

all: app enclave.signed.so
#  Phony target (prerequisite of .PHONY).
#  Command line target.
#  Implicit rule search has not been done.
#  File does not exist.
#  File has not been updated.

run: all
#  Phony target (prerequisite of .PHONY).
#  Implicit rule search has not been done.
#  File does not exist.
#  File has not been updated.
#  recipe to execute (from 'Makefile', line 192):
	@$(CURDIR)/$(App_Name)
	@echo "RUN  =>  $(App_Name) [$(SGX_MODE)|$(SGX_ARCH), OK]"

# Not a target:
App/App.o:
#  Implicit rule search has not been done.
#  Modification time never checked.
#  File has not been updated.

App/Enclave_u.o: App/Enclave_u.c
#  Implicit rule search has not been done.
#  File does not exist.
#  File has not been updated.
#  recipe to execute (from 'Makefile', line 205):
	@$(CC) $(App_C_Flags) -c $< -o $@
	@echo "CC   <=  $<"

Enclave/Enclave_t.o: Enclave/Enclave_t.c
#  Implicit rule search has not been done.
#  Modification time never checked.
#  File has not been updated.
#  recipe to execute (from 'Makefile', line 226):
	@$(CC) $(Enclave_C_Flags) -c $< -o $@
	@echo "CC   <=  $<"

# Not a target:
Enclave/Enclave.o:
#  Implicit rule search has not been done.
#  Modification time never checked.
#  File has not been updated.

# Not a target:
Enclave/Enclave.edl:
#  Implicit rule search has not been done.
#  Modification time never checked.
#  File has not been updated.

.PHONY: all run clean
#  Implicit rule search has not been done.
#  Modification time never checked.
#  File has not been updated.

enclave.so: Enclave/Enclave_t.o Enclave/Enclave.o
#  Implicit rule search has not been done.
#  Modification time never checked.
#  File has not been updated.
#  recipe to execute (from 'Makefile', line 234):
	@$(CXX) $^ -o $@ $(Enclave_Link_Flags)
	@echo "LINK =>  $@"

# files hash-table stats:
# Load=20/1024=2%, Rehash=0, Collisions=0/55=0%
# VPATH Search Paths

# No 'vpath' search paths.

# No general ('VPATH' variable) search path.

# strcache buffers: 1 (0) / strings = 33 / storage = 395 B / avg = 11 B
# current buf: size = 8162 B / used = 395 B / count = 33 / avg = 11 B

# strcache performance: lookups = 72 / hit rate = 54%
# hash-table stats:
# Load=33/8192=0%, Rehash=0, Collisions=0/72=0%
# Finished Make data base on Tue Jul 12 14:50:32 2022

 
